0 info it worked if it ends with ok
1 verbose cli [ '/usr/local/Cellar/node/6.5.0/bin/node',
1 verbose cli   '/usr/local/bin/npm',
1 verbose cli   'install',
1 verbose cli   '-g',
1 verbose cli   'mocha',
1 verbose cli   'mocha',
1 verbose cli   'spec/myEachSpec.jsp' ]
2 info using npm@3.10.3
3 info using node@v6.5.0
4 silly loadCurrentTree Starting
5 silly install loadCurrentTree
6 silly install readGlobalPackageData
7 silly fetchPackageMetaData mocha
8 silly fetchPackageMetaData mocha
9 silly fetchPackageMetaData spec/myEachSpec.jsp
10 silly fetchNamedPackageData mocha
11 silly mapToRegistry name mocha
12 silly mapToRegistry using default registry
13 silly mapToRegistry registry https://registry.npmjs.org/
14 silly mapToRegistry data Result {
14 silly mapToRegistry   raw: 'mocha',
14 silly mapToRegistry   scope: null,
14 silly mapToRegistry   escapedName: 'mocha',
14 silly mapToRegistry   name: 'mocha',
14 silly mapToRegistry   rawSpec: '',
14 silly mapToRegistry   spec: 'latest',
14 silly mapToRegistry   type: 'tag' }
15 silly mapToRegistry uri https://registry.npmjs.org/mocha
16 silly fetchNamedPackageData mocha
17 silly mapToRegistry name mocha
18 silly mapToRegistry using default registry
19 silly mapToRegistry registry https://registry.npmjs.org/
20 silly mapToRegistry data Result {
20 silly mapToRegistry   raw: 'mocha',
20 silly mapToRegistry   scope: null,
20 silly mapToRegistry   escapedName: 'mocha',
20 silly mapToRegistry   name: 'mocha',
20 silly mapToRegistry   rawSpec: '',
20 silly mapToRegistry   spec: 'latest',
20 silly mapToRegistry   type: 'tag' }
21 silly mapToRegistry uri https://registry.npmjs.org/mocha
22 silly fetchOtherPackageData spec/myEachSpec.jsp
23 silly cache add args [ 'spec/myEachSpec.jsp', null ]
24 verbose cache add spec spec/myEachSpec.jsp
25 silly cache add parsed spec Result {
25 silly cache add   raw: 'spec/myEachSpec.jsp',
25 silly cache add   scope: null,
25 silly cache add   escapedName: null,
25 silly cache add   name: null,
25 silly cache add   rawSpec: 'spec/myEachSpec.jsp',
25 silly cache add   spec: 'github:spec/myEachSpec.jsp',
25 silly cache add   type: 'hosted',
25 silly cache add   hosted:
25 silly cache add    { type: 'github',
25 silly cache add      ssh: 'git@github.com:spec/myEachSpec.jsp.git',
25 silly cache add      sshUrl: 'git+ssh://git@github.com/spec/myEachSpec.jsp.git',
25 silly cache add      httpsUrl: 'git+https://github.com/spec/myEachSpec.jsp.git',
25 silly cache add      gitUrl: 'git://github.com/spec/myEachSpec.jsp.git',
25 silly cache add      shortcut: 'github:spec/myEachSpec.jsp',
25 silly cache add      directUrl: 'https://raw.githubusercontent.com/spec/myEachSpec.jsp/master/package.json' } }
26 verbose addRemoteGit caching spec/myEachSpec.jsp
27 verbose addRemoteGit spec/myEachSpec.jsp is a repository hosted by github
28 silly tryGitProto attempting to clone git://github.com/spec/myEachSpec.jsp.git
29 silly tryClone cloning spec/myEachSpec.jsp via git://github.com/spec/myEachSpec.jsp.git
30 verbose tryClone git-github-com-spec-myEachSpec-jsp-git-2e6e2098 not in flight; caching
31 verbose correctMkdir /Users/RamanMehat/.npm/_git-remotes correctMkdir not in flight; initializing
32 verbose makeDirectory /Users/RamanMehat/.npm/_git-remotes creation not in flight; initializing
33 silly makeDirectory /Users/RamanMehat/.npm/_git-remotes uid: 501 gid: 20
34 verbose request uri https://registry.npmjs.org/mocha
35 verbose request no auth needed
36 info attempt registry request try #1 at 5:20:43 PM
37 verbose request id 3a878f4d9c21c139
38 verbose etag "EQXXAOIRE6L7VZAGYM5NUBRK"
39 http request GET https://registry.npmjs.org/mocha
40 verbose request uri https://registry.npmjs.org/mocha
41 verbose request no auth needed
42 info attempt registry request try #1 at 5:20:43 PM
43 verbose etag "EQXXAOIRE6L7VZAGYM5NUBRK"
44 http request GET https://registry.npmjs.org/mocha
45 info git [ 'clone',
45 info git   '--template=/Users/RamanMehat/.npm/_git-remotes/_templates',
45 info git   '--mirror',
45 info git   'git://github.com/spec/myEachSpec.jsp.git',
45 info git   '/Users/RamanMehat/.npm/_git-remotes/git-github-com-spec-myEachSpec-jsp-git-2e6e2098' ]
46 verbose git clone --template=/Users/RamanMehat/.npm/_git-remotes/_templates --mirror git://github.com/spec/myEachSpec.jsp.git /Users/RamanMehat/.npm/_git-remotes/git-github-com-spec-myEachSpec-jsp-git-2e6e2098: Cloning into bare repository '/Users/RamanMehat/.npm/_git-remotes/git-github-com-spec-myEachSpec-jsp-git-2e6e2098'...
46 verbose git clone --template=/Users/RamanMehat/.npm/_git-remotes/_templates --mirror git://github.com/spec/myEachSpec.jsp.git /Users/RamanMehat/.npm/_git-remotes/git-github-com-spec-myEachSpec-jsp-git-2e6e2098: fatal: remote error:
46 verbose git clone --template=/Users/RamanMehat/.npm/_git-remotes/_templates --mirror git://github.com/spec/myEachSpec.jsp.git /Users/RamanMehat/.npm/_git-remotes/git-github-com-spec-myEachSpec-jsp-git-2e6e2098:   Repository not found.
47 silly tryHTTPS attempting to clone git+https://github.com/spec/myEachSpec.jsp.git
48 silly tryClone cloning spec/myEachSpec.jsp via git+https://github.com/spec/myEachSpec.jsp.git
49 verbose tryClone git-https-github-com-spec-myEachSpec-jsp-git-3f40f809 not in flight; caching
50 verbose correctMkdir /Users/RamanMehat/.npm/_git-remotes correctMkdir not in flight; initializing
51 info git [ 'clone',
51 info git   '--template=/Users/RamanMehat/.npm/_git-remotes/_templates',
51 info git   '--mirror',
51 info git   'https://github.com/spec/myEachSpec.jsp.git',
51 info git   '/Users/RamanMehat/.npm/_git-remotes/git-https-github-com-spec-myEachSpec-jsp-git-3f40f809' ]
52 http 200 https://registry.npmjs.org/mocha
53 verbose headers { server: 'CouchDB/1.5.0 (Erlang OTP/R16B03)',
53 verbose headers   etag: '"8O7D27XONAQ2720Y6UDLA9LS7"',
53 verbose headers   'content-type': 'application/json',
53 verbose headers   'content-encoding': 'gzip',
53 verbose headers   'cache-control': 'max-age=300',
53 verbose headers   'content-length': '62098',
53 verbose headers   'accept-ranges': 'bytes',
53 verbose headers   date: 'Tue, 13 Sep 2016 00:20:43 GMT',
53 verbose headers   via: '1.1 varnish',
53 verbose headers   age: '140',
53 verbose headers   connection: 'keep-alive',
53 verbose headers   'x-served-by': 'cache-sea1923-SEA',
53 verbose headers   'x-cache': 'HIT',
53 verbose headers   'x-cache-hits': '38',
53 verbose headers   'x-timer': 'S1473726043.863790,VS0,VE0',
53 verbose headers   vary: 'Accept-Encoding' }
54 silly get cb [ 200,
54 silly get   { server: 'CouchDB/1.5.0 (Erlang OTP/R16B03)',
54 silly get     etag: '"8O7D27XONAQ2720Y6UDLA9LS7"',
54 silly get     'content-type': 'application/json',
54 silly get     'content-encoding': 'gzip',
54 silly get     'cache-control': 'max-age=300',
54 silly get     'content-length': '62098',
54 silly get     'accept-ranges': 'bytes',
54 silly get     date: 'Tue, 13 Sep 2016 00:20:43 GMT',
54 silly get     via: '1.1 varnish',
54 silly get     age: '140',
54 silly get     connection: 'keep-alive',
54 silly get     'x-served-by': 'cache-sea1923-SEA',
54 silly get     'x-cache': 'HIT',
54 silly get     'x-cache-hits': '38',
54 silly get     'x-timer': 'S1473726043.863790,VS0,VE0',
54 silly get     vary: 'Accept-Encoding' } ]
55 verbose get saving mocha to /Users/RamanMehat/.npm/registry.npmjs.org/mocha/.cache.json
56 verbose correctMkdir /Users/RamanMehat/.npm correctMkdir not in flight; initializing
57 http 200 https://registry.npmjs.org/mocha
58 verbose headers { server: 'CouchDB/1.5.0 (Erlang OTP/R16B03)',
58 verbose headers   etag: '"8O7D27XONAQ2720Y6UDLA9LS7"',
58 verbose headers   'content-type': 'application/json',
58 verbose headers   'content-encoding': 'gzip',
58 verbose headers   'cache-control': 'max-age=300',
58 verbose headers   'content-length': '62098',
58 verbose headers   'accept-ranges': 'bytes',
58 verbose headers   date: 'Tue, 13 Sep 2016 00:20:43 GMT',
58 verbose headers   via: '1.1 varnish',
58 verbose headers   age: '140',
58 verbose headers   connection: 'keep-alive',
58 verbose headers   'x-served-by': 'cache-sea1925-SEA',
58 verbose headers   'x-cache': 'HIT',
58 verbose headers   'x-cache-hits': '6',
58 verbose headers   'x-timer': 'S1473726043.862641,VS0,VE0',
58 verbose headers   vary: 'Accept-Encoding' }
59 silly get cb [ 200,
59 silly get   { server: 'CouchDB/1.5.0 (Erlang OTP/R16B03)',
59 silly get     etag: '"8O7D27XONAQ2720Y6UDLA9LS7"',
59 silly get     'content-type': 'application/json',
59 silly get     'content-encoding': 'gzip',
59 silly get     'cache-control': 'max-age=300',
59 silly get     'content-length': '62098',
59 silly get     'accept-ranges': 'bytes',
59 silly get     date: 'Tue, 13 Sep 2016 00:20:43 GMT',
59 silly get     via: '1.1 varnish',
59 silly get     age: '140',
59 silly get     connection: 'keep-alive',
59 silly get     'x-served-by': 'cache-sea1925-SEA',
59 silly get     'x-cache': 'HIT',
59 silly get     'x-cache-hits': '6',
59 silly get     'x-timer': 'S1473726043.862641,VS0,VE0',
59 silly get     vary: 'Accept-Encoding' } ]
60 verbose get saving mocha to /Users/RamanMehat/.npm/registry.npmjs.org/mocha/.cache.json
61 verbose correctMkdir /Users/RamanMehat/.npm correctMkdir not in flight; initializing
62 verbose git clone --template=/Users/RamanMehat/.npm/_git-remotes/_templates --mirror https://github.com/spec/myEachSpec.jsp.git /Users/RamanMehat/.npm/_git-remotes/git-https-github-com-spec-myEachSpec-jsp-git-3f40f809: Cloning into bare repository '/Users/RamanMehat/.npm/_git-remotes/git-https-github-com-spec-myEachSpec-jsp-git-3f40f809'...
62 verbose git clone --template=/Users/RamanMehat/.npm/_git-remotes/_templates --mirror https://github.com/spec/myEachSpec.jsp.git /Users/RamanMehat/.npm/_git-remotes/git-https-github-com-spec-myEachSpec-jsp-git-3f40f809: remote: Invalid username or password.
62 verbose git clone --template=/Users/RamanMehat/.npm/_git-remotes/_templates --mirror https://github.com/spec/myEachSpec.jsp.git /Users/RamanMehat/.npm/_git-remotes/git-https-github-com-spec-myEachSpec-jsp-git-3f40f809: fatal: Authentication failed for 'https://github.com/spec/myEachSpec.jsp.git/'
63 silly trySSH attempting to clone git@github.com:spec/myEachSpec.jsp.git
64 silly tryClone cloning spec/myEachSpec.jsp via git@github.com:spec/myEachSpec.jsp.git
65 verbose tryClone git-github-com-spec-myEachSpec-jsp-git-821e566a not in flight; caching
66 verbose correctMkdir /Users/RamanMehat/.npm/_git-remotes correctMkdir not in flight; initializing
67 info git [ 'clone',
67 info git   '--template=/Users/RamanMehat/.npm/_git-remotes/_templates',
67 info git   '--mirror',
67 info git   'git@github.com:spec/myEachSpec.jsp.git',
67 info git   '/Users/RamanMehat/.npm/_git-remotes/git-github-com-spec-myEachSpec-jsp-git-821e566a' ]
68 error git clone --template=/Users/RamanMehat/.npm/_git-remotes/_templates --mirror git@github.com:spec/myEachSpec.jsp.git /Users/RamanMehat/.npm/_git-remotes/git-github-com-spec-myEachSpec-jsp-git-821e566a: Cloning into bare repository '/Users/RamanMehat/.npm/_git-remotes/git-github-com-spec-myEachSpec-jsp-git-821e566a'...
68 error git clone --template=/Users/RamanMehat/.npm/_git-remotes/_templates --mirror git@github.com:spec/myEachSpec.jsp.git /Users/RamanMehat/.npm/_git-remotes/git-github-com-spec-myEachSpec-jsp-git-821e566a: Warning: Permanently added 'github.com,192.30.253.113' (RSA) to the list of known hosts.
68 error git clone --template=/Users/RamanMehat/.npm/_git-remotes/_templates --mirror git@github.com:spec/myEachSpec.jsp.git /Users/RamanMehat/.npm/_git-remotes/git-github-com-spec-myEachSpec-jsp-git-821e566a: ERROR: Repository not found.
68 error git clone --template=/Users/RamanMehat/.npm/_git-remotes/_templates --mirror git@github.com:spec/myEachSpec.jsp.git /Users/RamanMehat/.npm/_git-remotes/git-github-com-spec-myEachSpec-jsp-git-821e566a: fatal: Could not read from remote repository.
68 error git clone --template=/Users/RamanMehat/.npm/_git-remotes/_templates --mirror git@github.com:spec/myEachSpec.jsp.git /Users/RamanMehat/.npm/_git-remotes/git-github-com-spec-myEachSpec-jsp-git-821e566a:
68 error git clone --template=/Users/RamanMehat/.npm/_git-remotes/_templates --mirror git@github.com:spec/myEachSpec.jsp.git /Users/RamanMehat/.npm/_git-remotes/git-github-com-spec-myEachSpec-jsp-git-821e566a: Please make sure you have the correct access rights
68 error git clone --template=/Users/RamanMehat/.npm/_git-remotes/_templates --mirror git@github.com:spec/myEachSpec.jsp.git /Users/RamanMehat/.npm/_git-remotes/git-github-com-spec-myEachSpec-jsp-git-821e566a: and the repository exists.
69 silly fetchPackageMetaData Error: Command failed: git clone --template=/Users/RamanMehat/.npm/_git-remotes/_templates --mirror git@github.com:spec/myEachSpec.jsp.git /Users/RamanMehat/.npm/_git-remotes/git-github-com-spec-myEachSpec-jsp-git-821e566a
69 silly fetchPackageMetaData Cloning into bare repository '/Users/RamanMehat/.npm/_git-remotes/git-github-com-spec-myEachSpec-jsp-git-821e566a'...
69 silly fetchPackageMetaData Warning: Permanently added 'github.com,192.30.253.113' (RSA) to the list of known hosts.
69 silly fetchPackageMetaData ERROR: Repository not found.
69 silly fetchPackageMetaData fatal: Could not read from remote repository.
69 silly fetchPackageMetaData
69 silly fetchPackageMetaData Please make sure you have the correct access rights
69 silly fetchPackageMetaData and the repository exists.
69 silly fetchPackageMetaData
69 silly fetchPackageMetaData     at ChildProcess.exithandler (child_process.js:206:12)
69 silly fetchPackageMetaData     at emitTwo (events.js:106:13)
69 silly fetchPackageMetaData     at ChildProcess.emit (events.js:191:7)
69 silly fetchPackageMetaData     at maybeClose (internal/child_process.js:877:16)
69 silly fetchPackageMetaData     at Socket.<anonymous> (internal/child_process.js:334:11)
69 silly fetchPackageMetaData     at emitOne (events.js:96:13)
69 silly fetchPackageMetaData     at Socket.emit (events.js:188:7)
69 silly fetchPackageMetaData     at Pipe._handle.close [as _onclose] (net.js:493:12)
69 silly fetchPackageMetaData  error for spec/myEachSpec.jsp { Error: Command failed: git clone --template=/Users/RamanMehat/.npm/_git-remotes/_templates --mirror git@github.com:spec/myEachSpec.jsp.git /Users/RamanMehat/.npm/_git-remotes/git-github-com-spec-myEachSpec-jsp-git-821e566a
69 silly fetchPackageMetaData Cloning into bare repository '/Users/RamanMehat/.npm/_git-remotes/git-github-com-spec-myEachSpec-jsp-git-821e566a'...
69 silly fetchPackageMetaData Warning: Permanently added 'github.com,192.30.253.113' (RSA) to the list of known hosts.
69 silly fetchPackageMetaData ERROR: Repository not found.
69 silly fetchPackageMetaData fatal: Could not read from remote repository.
69 silly fetchPackageMetaData
69 silly fetchPackageMetaData Please make sure you have the correct access rights
69 silly fetchPackageMetaData and the repository exists.
69 silly fetchPackageMetaData
69 silly fetchPackageMetaData     at ChildProcess.exithandler (child_process.js:206:12)
69 silly fetchPackageMetaData     at emitTwo (events.js:106:13)
69 silly fetchPackageMetaData     at ChildProcess.emit (events.js:191:7)
69 silly fetchPackageMetaData     at maybeClose (internal/child_process.js:877:16)
69 silly fetchPackageMetaData     at Socket.<anonymous> (internal/child_process.js:334:11)
69 silly fetchPackageMetaData     at emitOne (events.js:96:13)
69 silly fetchPackageMetaData     at Socket.emit (events.js:188:7)
69 silly fetchPackageMetaData     at Pipe._handle.close [as _onclose] (net.js:493:12)
69 silly fetchPackageMetaData   killed: false,
69 silly fetchPackageMetaData   code: 128,
69 silly fetchPackageMetaData   signal: null,
69 silly fetchPackageMetaData   cmd: 'git clone --template=/Users/RamanMehat/.npm/_git-remotes/_templates --mirror git@github.com:spec/myEachSpec.jsp.git /Users/RamanMehat/.npm/_git-remotes/git-github-com-spec-myEachSpec-jsp-git-821e566a' }
70 silly rollbackFailedOptional Starting
71 silly rollbackFailedOptional Finishing
72 silly runTopLevelLifecycles Starting
73 silly runTopLevelLifecycles Finishing
74 silly install printInstalled
75 verbose stack Error: Command failed: git clone --template=/Users/RamanMehat/.npm/_git-remotes/_templates --mirror git@github.com:spec/myEachSpec.jsp.git /Users/RamanMehat/.npm/_git-remotes/git-github-com-spec-myEachSpec-jsp-git-821e566a
75 verbose stack Cloning into bare repository '/Users/RamanMehat/.npm/_git-remotes/git-github-com-spec-myEachSpec-jsp-git-821e566a'...
75 verbose stack Warning: Permanently added 'github.com,192.30.253.113' (RSA) to the list of known hosts.
75 verbose stack ERROR: Repository not found.
75 verbose stack fatal: Could not read from remote repository.
75 verbose stack
75 verbose stack Please make sure you have the correct access rights
75 verbose stack and the repository exists.
75 verbose stack
75 verbose stack     at ChildProcess.exithandler (child_process.js:206:12)
75 verbose stack     at emitTwo (events.js:106:13)
75 verbose stack     at ChildProcess.emit (events.js:191:7)
75 verbose stack     at maybeClose (internal/child_process.js:877:16)
75 verbose stack     at Socket.<anonymous> (internal/child_process.js:334:11)
75 verbose stack     at emitOne (events.js:96:13)
75 verbose stack     at Socket.emit (events.js:188:7)
75 verbose stack     at Pipe._handle.close [as _onclose] (net.js:493:12)
76 verbose cwd /Users/RamanMehat/js-building-iterators-lab
77 error Darwin 15.6.0
78 error argv "/usr/local/Cellar/node/6.5.0/bin/node" "/usr/local/bin/npm" "install" "-g" "mocha" "mocha" "spec/myEachSpec.jsp"
79 error node v6.5.0
80 error npm  v3.10.3
81 error code 128
82 error Command failed: git clone --template=/Users/RamanMehat/.npm/_git-remotes/_templates --mirror git@github.com:spec/myEachSpec.jsp.git /Users/RamanMehat/.npm/_git-remotes/git-github-com-spec-myEachSpec-jsp-git-821e566a
82 error Cloning into bare repository '/Users/RamanMehat/.npm/_git-remotes/git-github-com-spec-myEachSpec-jsp-git-821e566a'...
82 error Warning: Permanently added 'github.com,192.30.253.113' (RSA) to the list of known hosts.
82 error ERROR: Repository not found.
82 error fatal: Could not read from remote repository.
82 error
82 error Please make sure you have the correct access rights
82 error and the repository exists.
83 error If you need help, you may report this error at:
83 error     <https://github.com/npm/npm/issues>
84 verbose exit [ 1, true ]
